/scratch/rd2893/miniconda3/envs/pcgrl/lib/python3.7/site-packages/gym/utils/passive_env_checker.py:32: UserWarning: [33mWARN: A Box observation space has an unconventional shape (neither an image, nor a 1D vector). We recommend flattening the observation to have only a 1D vector or use a custom policy to properly process the data. Actual observation shape: (16, 16)[0m
  "A Box observation space has an unconventional shape (neither an image, nor a 1D vector). "
2022-11-29 15:05:25,086	WARNING env.py:236 -- Your MultiAgentEnv <MultiAgentWrapper<ControlWrapper<CroppedImagePCGRLWrapper<ToImage<OneHotEncoding<Cropped<OrderEnforcing<PcgrlCtrlEnv<binary-turtle-v0>>>>>>>>> does not have some or all of the needed base-class attributes! Make sure you call `super().__init__` from within your MutiAgentEnv's constructor. This will raise an error in the future.
2022-11-29 15:05:27,858	INFO worker.py:1518 -- Started a local Ray instance.
[2m[36m(PPOTrainer pid=532048)[0m 2022-11-29 15:05:35,162	INFO ppo.py:379 -- In multi-agent mode, policies will be optimized sequentially by the multi-GPU optimizer. Consider setting simple_optimizer=True if this doesn't work for you.
[2m[36m(PPOTrainer pid=532048)[0m 2022-11-29 15:05:35,163	INFO algorithm.py:358 -- Current log_level is WARN. For more information, set 'log_level': 'INFO' / 'DEBUG' or use the -v and -vv flags.
[2m[36m(PPOTrainer pid=532048)[0m /scratch/rd2893/miniconda3/envs/pcgrl/lib/python3.7/site-packages/gym/utils/passive_env_checker.py:32: UserWarning: [33mWARN: A Box observation space has an unconventional shape (neither an image, nor a 1D vector). We recommend flattening the observation to have only a 1D vector or use a custom policy to properly process the data. Actual observation shape: (16, 16)[0m
[2m[36m(PPOTrainer pid=532048)[0m   "A Box observation space has an unconventional shape (neither an image, nor a 1D vector). "
[2m[36m(PPOTrainer pid=532048)[0m 2022-11-29 15:05:41,998	WARNING deprecation.py:48 -- DeprecationWarning: `simple_optimizer` has been deprecated. This will raise an error in the future!
[2m[36m(PPOTrainer pid=532048)[0m 2022-11-29 15:05:42,202	WARNING util.py:66 -- Install gputil for GPU system monitoring.
[2m[36m(PPOTrainer pid=532048)[0m 2022-11-29 15:05:42,269	WARNING deprecation.py:48 -- DeprecationWarning: `policy_mapping_fn(agent_id)` has been deprecated. Use `policy_mapping_fn(agent_id, episode, worker, **kwargs)` instead. This will raise an error in the future!
[2m[36m(PPOTrainer pid=532048)[0m 2022-11-29 15:05:44,548	WARNING deprecation.py:48 -- DeprecationWarning: `concat_samples` has been deprecated. Use `concat_samples() from rllib.policy.sample_batch` instead. This will raise an error in the future!
[2m[36m(PPOTrainer pid=532048)[0m /scratch/rd2893/miniconda3/envs/pcgrl/lib/python3.7/site-packages/ray/rllib/utils/metrics/learner_info.py:110: RuntimeWarning: Mean of empty slice
[2m[36m(PPOTrainer pid=532048)[0m   return np.nanmean(tower_data)
2022-11-30 01:48:00,310	WARNING util.py:244 -- The `callbacks.on_trial_result` operation took 9.325 s, which may be a performance bottleneck.
2022-11-30 01:48:00,312	WARNING util.py:244 -- The `process_trial_result` operation took 9.327 s, which may be a performance bottleneck.
2022-11-30 01:48:00,312	WARNING util.py:244 -- Processing trial results took 9.328 s, which may be a performance bottleneck. Please consider reporting results less frequently to Ray Tune.
2022-11-30 01:48:00,312	WARNING util.py:244 -- The `process_trial_result` operation took 9.329 s, which may be a performance bottleneck.
submitit WARNING (2022-11-30 15:02:50,633) - Caught signal SIGUSR2 on gv005.hpc.nyu.edu: this job is timed-out.
submitit WARNING (2022-11-30 15:02:50,633) - Bypassing signal SIGCONT
